[31m[Nest] 31100  - [39m29/03/2026, 9:06:04 am [31m  ERROR[39m [38;5;3m[ExceptionsHandler] [39mQueryFailedError: invalid input syntax for type uuid: "undefined"
    at PostgresQueryRunner.query [90m(C:\Users\statc\OneDrive\Desktop\statcompy\backend\[39mnode_modules\[4mtypeorm[24m\driver\src\driver\postgres\PostgresQueryRunner.ts:325:19[90m)[39m
[90m    at process.processTicksAndRejections (node:internal/process/task_queues:95:5)[39m
    at async SelectQueryBuilder.loadRawResults [90m(C:\Users\statc\OneDrive\Desktop\statcompy\backend\[39mnode_modules\[4mtypeorm[24m\query-builder\src\query-builder\SelectQueryBuilder.ts:3868:25[90m)[39m
    at async SelectQueryBuilder.executeEntitiesAndRawResults [90m(C:\Users\statc\OneDrive\Desktop\statcompy\backend\[39mnode_modules\[4mtypeorm[24m\query-builder\src\query-builder\SelectQueryBuilder.ts:3614:26[90m)[39m
    at async SelectQueryBuilder.getRawAndEntities [90m(C:\Users\statc\OneDrive\Desktop\statcompy\backend\[39mnode_modules\[4mtypeorm[24m\query-builder\src\query-builder\SelectQueryBuilder.ts:1671:29[90m)[39m
    at async SelectQueryBuilder.getOne [90m(C:\Users\statc\OneDrive\Desktop\statcompy\backend\[39mnode_modules\[4mtypeorm[24m\query-builder\src\query-builder\SelectQueryBuilder.ts:1698:25[90m)[39m
    at async AuditorObservationsService.verifyAuditorAccess [90m(C:\Users\statc\OneDrive\Desktop\statcompy\backend\[39msrc\audits\auditor-observations.service.ts:37:19[90m)[39m
    at async AuditorObservationsService.listForAuditor [90m(C:\Users\statc\OneDrive\Desktop\statcompy\backend\[39msrc\audits\auditor-observations.service.ts:54:7[90m)[39m
    at async [90mC:\Users\statc\OneDrive\Desktop\statcompy\backend\[39mnode_modules\[4m@nestjs[24m\core\router\router-execution-context.js:46:28
    at async [90mC:\Users\statc\OneDrive\Desktop\statcompy\backend\[39mnode_modules\[4m@nestjs[24m\core\router\router-proxy.js:9:17 {
  query: [32m'SELECT "AuditEntity"."id" AS "AuditEntity_id", "AuditEntity"."audit_code" AS "AuditEntity_audit_code", "AuditEntity"."client_id" AS "AuditEntity_client_id", "AuditEntity"."branch_id" AS "AuditEntity_branch_id", "AuditEntity"."contractor_user_id" AS "AuditEntity_contractor_user_id", "AuditEntity"."frequency" AS "AuditEntity_frequency", "AuditEntity"."audit_type" AS "AuditEntity_audit_type", "AuditEntity"."period_year" AS "AuditEntity_period_year", "AuditEntity"."period_code" AS "AuditEntity_period_code", "AuditEntity"."assigned_auditor_id" AS "AuditEntity_assigned_auditor_id", "AuditEntity"."created_by_user_id" AS "AuditEntity_created_by_user_id", "AuditEntity"."status" AS "AuditEntity_status", "AuditEntity"."due_date" AS "AuditEntity_due_date", "AuditEntity"."notes" AS "AuditEntity_notes", "AuditEntity"."score" AS "AuditEntity_score", "AuditEntity"."score_calculated_at" AS "AuditEntity_score_calculated_at", "AuditEntity"."submitted_at" AS "AuditEntity_submitted_at", "AuditEntity"."final_remark" AS "AuditEntity_final_remark", "AuditEntity"."scheduled_date" AS "AuditEntity_scheduled_date", "AuditEntity"."scheduled_by_user_id" AS "AuditEntity_scheduled_by_user_id", "AuditEntity"."created_at" AS "AuditEntity_created_at", "AuditEntity"."updated_at" AS "AuditEntity_updated_at" FROM "public"."audits" "AuditEntity" WHERE (("AuditEntity"."id" = $1)) LIMIT 1'[39m,
  parameters: [
    [32m'undefined'[39m
  ],
  driverError: error: invalid input syntax for type uuid: "undefined"
      at [90mC:\Users\statc\OneDrive\Desktop\statcompy\backend\[39mnode_modules\[4mpg[24m\lib\client.js:631:17
  [90m    at process.processTicksAndRejections (node:internal/process/task_queues:95:5)[39m
      at async PostgresQueryRunner.query [90m(C:\Users\statc\OneDrive\Desktop\statcompy\backend\[39mnode_modules\[4mtypeorm[24m\driver\src\driver\postgres\PostgresQueryRunner.ts:254:25[90m)[39m
      at async SelectQueryBuilder.loadRawResults [90m(C:\Users\statc\OneDrive\Desktop\statcompy\backend\[39mnode_modules\[4mtypeorm[24m\query-builder\src\query-builder\SelectQueryBuilder.ts:3868:25[90m)[39m
      at async SelectQueryBuilder.executeEntitiesAndRawResults [90m(C:\Users\statc\OneDrive\Desktop\statcompy\backend\[39mnode_modules\[4mtypeorm[24m\query-builder\src\query-builder\SelectQueryBuilder.ts:3614:26[90m)[39m
      at async SelectQueryBuilder.getRawAndEntities [90m(C:\Users\statc\OneDrive\Desktop\statcompy\backend\[39mnode_modules\[4mtypeorm[24m\query-builder\src\query-builder\SelectQueryBuilder.ts:1671:29[90m)[39m
      at async SelectQueryBuilder.getOne [90m(C:\Users\statc\OneDrive\Desktop\statcompy\backend\[39mnode_modules\[4mtypeorm[24m\query-builder\src\query-builder\SelectQueryBuilder.ts:1698:25[90m)[39m
      at async AuditorObservationsService.verifyAuditorAccess [90m(C:\Users\statc\OneDrive\Desktop\statcompy\backend\[39msrc\audits\auditor-observations.service.ts:37:19[90m)[39m
      at async AuditorObservationsService.listForAuditor [90m(C:\Users\statc\OneDrive\Desktop\statcompy\backend\[39msrc\audits\auditor-observations.service.ts:54:7[90m)[39m
      at async [90mC:\Users\statc\OneDrive\Desktop\statcompy\backend\[39mnode_modules\[4m@nestjs[24m\core\router\router-execution-context.js:46:28
      at async [90mC:\Users\statc\OneDrive\Desktop\statcompy\backend\[39mnode_modules\[4m@nestjs[24m\core\router\router-proxy.js:9:17 {
    length: [33m141[39m,
    severity: [32m'ERROR'[39m,
    code: [32m'22P02'[39m,
    detail: [90mundefined[39m,
    hint: [90mundefined[39m,
    position: [90mundefined[39m,
    internalPosition: [90mundefined[39m,
    internalQuery: [90mundefined[39m,
    where: [32m"unnamed portal parameter $1 = '...'"[39m,
    schema: [90mundefined[39m,
    table: [90mundefined[39m,
    column: [90mundefined[39m,
    dataType: [90mundefined[39m,
    constraint: [90mundefined[39m,
    file: [32m'uuid.c'[39m,
    line: [32m'177'[39m,
    routine: [32m'string_to_uuid'[39m
  },
  length: [33m141[39m,
  severity: [32m'ERROR'[39m,
  code: [32m'22P02'[39m,
  detail: [90mundefined[39m,
  hint: [90mundefined[39m,
  position: [90mundefined[39m,
  internalPosition: [90mundefined[39m,
  internalQuery: [90mundefined[39m,
  where: [32m"unnamed portal parameter $1 = '...'"[39m,
  schema: [90mundefined[39m,
  table: [90mundefined[39m,
  column: [90mundefined[39m,
  dataType: [90mundefined[39m,
  constraint: [90mundefined[39m,
  file: [32m'uuid.c'[39m,
  line: [32m'177'[39m,
  routine: [32m'string_to_uuid'[39m
}
